-------------------------------------------------------------------------------
Test set: hello.VirusTotalControllerTests
-------------------------------------------------------------------------------
Tests run: 3, Failures: 0, Errors: 3, Skipped: 0, Time elapsed: 4.073 s <<< FAILURE! - in hello.VirusTotalControllerTests
getFileReportShouldReturnOK(hello.VirusTotalControllerTests)  Time elapsed: 1.192 s  <<< ERROR!
org.springframework.web.util.NestedServletException: Request processing failed; nested exception is org.springframework.web.client.HttpClientErrorException: 403 Forbidden
	at hello.VirusTotalControllerTests.getFileReportShouldReturnOK(VirusTotalControllerTests.java:55)
Caused by: org.springframework.web.client.HttpClientErrorException: 403 Forbidden
	at hello.VirusTotalControllerTests.getFileReportShouldReturnOK(VirusTotalControllerTests.java:55)

getUrlReportShouldReturnOK(hello.VirusTotalControllerTests)  Time elapsed: 0.188 s  <<< ERROR!
org.springframework.web.util.NestedServletException: Request processing failed; nested exception is org.springframework.web.client.HttpClientErrorException: 403 Forbidden
	at hello.VirusTotalControllerTests.getUrlReportShouldReturnOK(VirusTotalControllerTests.java:61)
Caused by: org.springframework.web.client.HttpClientErrorException: 403 Forbidden
	at hello.VirusTotalControllerTests.getUrlReportShouldReturnOK(VirusTotalControllerTests.java:61)

getDomainReportShouldReturnOK(hello.VirusTotalControllerTests)  Time elapsed: 0.186 s  <<< ERROR!
org.springframework.web.util.NestedServletException: Request processing failed; nested exception is org.springframework.web.client.HttpClientErrorException: 403 Forbidden
	at hello.VirusTotalControllerTests.getDomainReportShouldReturnOK(VirusTotalControllerTests.java:73)
Caused by: org.springframework.web.client.HttpClientErrorException: 403 Forbidden
	at hello.VirusTotalControllerTests.getDomainReportShouldReturnOK(VirusTotalControllerTests.java:73)

